2020-01-23 14:29:25,065 INFO     (chromatica.logging) --- Chromatica Log Start ---
2020-01-23 14:29:25,066 INFO     (chromatica.logging) NVIM v0.4.3, Python 3.8.1, neovim client 0.4.0
2020-01-23 14:29:25,067 INFO     (chromatica.core) --------- runtime variables ---------
2020-01-23 14:29:25,067 INFO     (chromatica.core) g:chromatica#_channel_id=3
2020-01-23 14:29:25,067 INFO     (chromatica.core) g:chromatica#enable_profiling=0
2020-01-23 14:29:25,067 INFO     (chromatica.core) g:chromatica#highlight_feature_level=1
2020-01-23 14:29:25,068 INFO     (chromatica.core) g:chromatica#delay_ms=80
2020-01-23 14:29:25,068 INFO     (chromatica.core) g:chromatica#libclang_path=/usr/lib/libclang.so
2020-01-23 14:29:25,068 INFO     (chromatica.core) g:chromatica#dotclangfile_search_path=
2020-01-23 14:29:25,068 INFO     (chromatica.core) g:chromatica#responsive_mode=0
2020-01-23 14:29:25,068 INFO     (chromatica.core) g:chromatica#enable_at_startup=0
2020-01-23 14:29:25,068 INFO     (chromatica.core) g:chromatica#syntax_src_id=100
2020-01-23 14:29:25,068 INFO     (chromatica.core) g:chromatica#enable_log=0
2020-01-23 14:29:25,068 INFO     (chromatica.core) g:chromatica#use_pch=1
2020-01-23 14:29:25,068 INFO     (chromatica.core) g:chromatica#search_source_args=0
2020-01-23 14:29:25,068 INFO     (chromatica.core) -------------------------------------
2020-01-23 14:29:25,192 INFO     (chromatica.core) clang version 9.0.1 
2020-01-23 14:29:25,192 INFO     (chromatica.core) Target: x86_64-pc-linux-gnu
2020-01-23 14:29:25,192 INFO     (chromatica.core) Thread model: posix
2020-01-23 14:29:25,192 INFO     (chromatica.core) InstalledDir: /usr/bin
2020-01-23 14:29:25,192 INFO     (chromatica.core) Found candidate GCC installation: /usr/bin/../lib/gcc/x86_64-pc-linux-gnu/9.2.0
2020-01-23 14:29:25,192 INFO     (chromatica.core) Found candidate GCC installation: /usr/bin/../lib64/gcc/x86_64-pc-linux-gnu/9.2.0
2020-01-23 14:29:25,192 INFO     (chromatica.core) Found candidate GCC installation: /usr/lib/gcc/x86_64-pc-linux-gnu/9.2.0
2020-01-23 14:29:25,192 INFO     (chromatica.core) Found candidate GCC installation: /usr/lib64/gcc/x86_64-pc-linux-gnu/9.2.0
2020-01-23 14:29:25,192 INFO     (chromatica.core) Selected GCC installation: /usr/bin/../lib64/gcc/x86_64-pc-linux-gnu/9.2.0
2020-01-23 14:29:25,192 INFO     (chromatica.core) Candidate multilib: .;@m64
2020-01-23 14:29:25,192 INFO     (chromatica.core) Candidate multilib: 32;@m32
2020-01-23 14:29:25,192 INFO     (chromatica.core) Selected multilib: .;@m64
2020-01-23 14:29:25,192 INFO     (chromatica.core)  "/usr/bin/clang-9" -cc1 -triple x86_64-pc-linux-gnu -E -disable-free -disable-llvm-verifier -discard-value-names -main-file-name - -mrelocation-model pic -pic-level 2 -pic-is-pie -mthread-model posix -mdisable-fp-elim -fmath-errno -masm-verbose -mconstructor-aliases -munwind-tables -fuse-init-array -target-cpu x86-64 -dwarf-column-info -debugger-tuning=gdb -v -resource-dir /usr/lib/clang/9.0.1 -internal-isystem /usr/bin/../lib64/gcc/x86_64-pc-linux-gnu/9.2.0/../../../../include/c++/9.2.0 -internal-isystem /usr/bin/../lib64/gcc/x86_64-pc-linux-gnu/9.2.0/../../../../include/c++/9.2.0/x86_64-pc-linux-gnu -internal-isystem /usr/bin/../lib64/gcc/x86_64-pc-linux-gnu/9.2.0/../../../../include/c++/9.2.0/backward -internal-isystem /usr/local/include -internal-isystem /usr/lib/clang/9.0.1/include -internal-externc-isystem /include -internal-externc-isystem /usr/include -fdeprecated-macro -fdebug-compilation-dir /home/neil/school/software_development/cs4500/assignment1/part1 -ferror-limit 19 -fmessage-length 0 -stack-protector 2 -fobjc-runtime=gcc -fcxx-exceptions -fexceptions -fdiagnostics-show-option -faddrsig -o - -x c++ -
2020-01-23 14:29:25,192 INFO     (chromatica.core) clang -cc1 version 9.0.1 based upon LLVM 9.0.1 default target x86_64-pc-linux-gnu
2020-01-23 14:29:25,192 INFO     (chromatica.core) ignoring nonexistent directory "/include"
2020-01-23 14:29:25,192 INFO     (chromatica.core) #include "..." search starts here:
2020-01-23 14:29:25,192 INFO     (chromatica.core) #include <...> search starts here:
2020-01-23 14:29:25,192 INFO     (chromatica.core)  /usr/bin/../lib64/gcc/x86_64-pc-linux-gnu/9.2.0/../../../../include/c++/9.2.0
2020-01-23 14:29:25,192 INFO     (chromatica.core)  /usr/bin/../lib64/gcc/x86_64-pc-linux-gnu/9.2.0/../../../../include/c++/9.2.0/x86_64-pc-linux-gnu
2020-01-23 14:29:25,192 INFO     (chromatica.core)  /usr/bin/../lib64/gcc/x86_64-pc-linux-gnu/9.2.0/../../../../include/c++/9.2.0/backward
2020-01-23 14:29:25,192 INFO     (chromatica.core)  /usr/local/include
2020-01-23 14:29:25,193 INFO     (chromatica.core)  /usr/lib/clang/9.0.1/include
2020-01-23 14:29:25,193 INFO     (chromatica.core)  /usr/include
2020-01-23 14:29:25,193 INFO     (chromatica.core) End of search list.
2020-01-23 14:29:25,193 INFO     (chromatica.core) # 1 "<stdin>"
2020-01-23 14:29:25,193 INFO     (chromatica.core) # 1 "<built-in>" 1
2020-01-23 14:29:25,193 INFO     (chromatica.core) # 1 "<built-in>" 3
2020-01-23 14:29:25,193 INFO     (chromatica.core) # 387 "<built-in>" 3
2020-01-23 14:29:25,193 INFO     (chromatica.core) # 1 "<command line>" 1
2020-01-23 14:29:25,193 INFO     (chromatica.core) # 1 "<built-in>" 2
2020-01-23 14:29:25,193 INFO     (chromatica.core) # 1 "<stdin>" 2
2020-01-23 14:29:25,193 INFO     (chromatica.core) 
2020-01-23 14:29:25,193 INFO     (chromatica.core) -------------------------------------
2020-01-23 14:41:48,181 INFO     (chromatica.logging) --- Chromatica Log Start ---
2020-01-23 14:41:48,182 INFO     (chromatica.logging) NVIM v0.4.3, Python 3.8.1, neovim client 0.4.0
2020-01-23 14:41:48,182 INFO     (chromatica.core) --------- runtime variables ---------
2020-01-23 14:41:48,182 INFO     (chromatica.core) g:chromatica#_channel_id=3
2020-01-23 14:41:48,183 INFO     (chromatica.core) g:chromatica#enable_profiling=0
2020-01-23 14:41:48,183 INFO     (chromatica.core) g:chromatica#highlight_feature_level=1
2020-01-23 14:41:48,183 INFO     (chromatica.core) g:chromatica#delay_ms=80
2020-01-23 14:41:48,184 INFO     (chromatica.core) g:chromatica#libclang_path=/usr/lib/libclang.so
2020-01-23 14:41:48,184 INFO     (chromatica.core) g:chromatica#dotclangfile_search_path=
2020-01-23 14:41:48,184 INFO     (chromatica.core) g:chromatica#responsive_mode=0
2020-01-23 14:41:48,184 INFO     (chromatica.core) g:chromatica#enable_at_startup=0
2020-01-23 14:41:48,184 INFO     (chromatica.core) g:chromatica#syntax_src_id=100
2020-01-23 14:41:48,184 INFO     (chromatica.core) g:chromatica#enable_log=0
2020-01-23 14:41:48,184 INFO     (chromatica.core) g:chromatica#use_pch=1
2020-01-23 14:41:48,185 INFO     (chromatica.core) g:chromatica#search_source_args=0
2020-01-23 14:41:48,185 INFO     (chromatica.core) -------------------------------------
2020-01-23 14:41:48,299 INFO     (chromatica.core) clang version 9.0.1 
2020-01-23 14:41:48,299 INFO     (chromatica.core) Target: x86_64-pc-linux-gnu
2020-01-23 14:41:48,299 INFO     (chromatica.core) Thread model: posix
2020-01-23 14:41:48,299 INFO     (chromatica.core) InstalledDir: /usr/bin
2020-01-23 14:41:48,300 INFO     (chromatica.core) Found candidate GCC installation: /usr/bin/../lib/gcc/x86_64-pc-linux-gnu/9.2.0
2020-01-23 14:41:48,300 INFO     (chromatica.core) Found candidate GCC installation: /usr/bin/../lib64/gcc/x86_64-pc-linux-gnu/9.2.0
2020-01-23 14:41:48,300 INFO     (chromatica.core) Found candidate GCC installation: /usr/lib/gcc/x86_64-pc-linux-gnu/9.2.0
2020-01-23 14:41:48,300 INFO     (chromatica.core) Found candidate GCC installation: /usr/lib64/gcc/x86_64-pc-linux-gnu/9.2.0
2020-01-23 14:41:48,300 INFO     (chromatica.core) Selected GCC installation: /usr/bin/../lib64/gcc/x86_64-pc-linux-gnu/9.2.0
2020-01-23 14:41:48,300 INFO     (chromatica.core) Candidate multilib: .;@m64
2020-01-23 14:41:48,300 INFO     (chromatica.core) Candidate multilib: 32;@m32
2020-01-23 14:41:48,300 INFO     (chromatica.core) Selected multilib: .;@m64
2020-01-23 14:41:48,300 INFO     (chromatica.core)  "/usr/bin/clang-9" -cc1 -triple x86_64-pc-linux-gnu -E -disable-free -disable-llvm-verifier -discard-value-names -main-file-name - -mrelocation-model pic -pic-level 2 -pic-is-pie -mthread-model posix -mdisable-fp-elim -fmath-errno -masm-verbose -mconstructor-aliases -munwind-tables -fuse-init-array -target-cpu x86-64 -dwarf-column-info -debugger-tuning=gdb -v -resource-dir /usr/lib/clang/9.0.1 -internal-isystem /usr/bin/../lib64/gcc/x86_64-pc-linux-gnu/9.2.0/../../../../include/c++/9.2.0 -internal-isystem /usr/bin/../lib64/gcc/x86_64-pc-linux-gnu/9.2.0/../../../../include/c++/9.2.0/x86_64-pc-linux-gnu -internal-isystem /usr/bin/../lib64/gcc/x86_64-pc-linux-gnu/9.2.0/../../../../include/c++/9.2.0/backward -internal-isystem /usr/local/include -internal-isystem /usr/lib/clang/9.0.1/include -internal-externc-isystem /include -internal-externc-isystem /usr/include -fdeprecated-macro -fdebug-compilation-dir /home/neil/school/software_development/cs4500/assignment1/part1 -ferror-limit 19 -fmessage-length 0 -stack-protector 2 -fobjc-runtime=gcc -fcxx-exceptions -fexceptions -fdiagnostics-show-option -faddrsig -o - -x c++ -
2020-01-23 14:41:48,300 INFO     (chromatica.core) clang -cc1 version 9.0.1 based upon LLVM 9.0.1 default target x86_64-pc-linux-gnu
2020-01-23 14:41:48,300 INFO     (chromatica.core) ignoring nonexistent directory "/include"
2020-01-23 14:41:48,300 INFO     (chromatica.core) #include "..." search starts here:
2020-01-23 14:41:48,300 INFO     (chromatica.core) #include <...> search starts here:
2020-01-23 14:41:48,300 INFO     (chromatica.core)  /usr/bin/../lib64/gcc/x86_64-pc-linux-gnu/9.2.0/../../../../include/c++/9.2.0
2020-01-23 14:41:48,300 INFO     (chromatica.core)  /usr/bin/../lib64/gcc/x86_64-pc-linux-gnu/9.2.0/../../../../include/c++/9.2.0/x86_64-pc-linux-gnu
2020-01-23 14:41:48,300 INFO     (chromatica.core)  /usr/bin/../lib64/gcc/x86_64-pc-linux-gnu/9.2.0/../../../../include/c++/9.2.0/backward
2020-01-23 14:41:48,300 INFO     (chromatica.core)  /usr/local/include
2020-01-23 14:41:48,300 INFO     (chromatica.core)  /usr/lib/clang/9.0.1/include
2020-01-23 14:41:48,300 INFO     (chromatica.core)  /usr/include
2020-01-23 14:41:48,300 INFO     (chromatica.core) End of search list.
2020-01-23 14:41:48,300 INFO     (chromatica.core) # 1 "<stdin>"
2020-01-23 14:41:48,300 INFO     (chromatica.core) # 1 "<built-in>" 1
2020-01-23 14:41:48,300 INFO     (chromatica.core) # 1 "<built-in>" 3
2020-01-23 14:41:48,300 INFO     (chromatica.core) # 387 "<built-in>" 3
2020-01-23 14:41:48,300 INFO     (chromatica.core) # 1 "<command line>" 1
2020-01-23 14:41:48,300 INFO     (chromatica.core) # 1 "<built-in>" 2
2020-01-23 14:41:48,300 INFO     (chromatica.core) # 1 "<stdin>" 2
2020-01-23 14:41:48,300 INFO     (chromatica.core) 
2020-01-23 14:41:48,301 INFO     (chromatica.core) -------------------------------------
